Performing C SOURCE FILE Test CMAKE_HAVE_LIBC_PTHREAD failed with the following output:
Change Dir: /home/jameslu/Desktop/RealTime_System/lab2/Sec4-4/cmake/build/CMakeFiles/CMakeTmp

Run Build Command(s):/usr/bin/make cmTC_0f305/fast && /usr/bin/make -f CMakeFiles/cmTC_0f305.dir/build.make CMakeFiles/cmTC_0f305.dir/build
make[1]: Entering directory '/home/jameslu/Desktop/RealTime_System/lab2/Sec4-4/cmake/build/CMakeFiles/CMakeTmp'
Building C object CMakeFiles/cmTC_0f305.dir/src.c.o
/usr/bin/cc   -DCMAKE_HAVE_LIBC_PTHREAD   -o CMakeFiles/cmTC_0f305.dir/src.c.o   -c /home/jameslu/Desktop/RealTime_System/lab2/Sec4-4/cmake/build/CMakeFiles/CMakeTmp/src.c
Linking C executable cmTC_0f305
/home/jameslu/bin/cmake -E cmake_link_script CMakeFiles/cmTC_0f305.dir/link.txt --verbose=1
/usr/bin/cc  -DCMAKE_HAVE_LIBC_PTHREAD    CMakeFiles/cmTC_0f305.dir/src.c.o  -o cmTC_0f305 
CMakeFiles/cmTC_0f305.dir/src.c.o: In function `main':
src.c:(.text+0x3e): undefined reference to `pthread_create'
src.c:(.text+0x4a): undefined reference to `pthread_detach'
src.c:(.text+0x56): undefined reference to `pthread_cancel'
src.c:(.text+0x67): undefined reference to `pthread_join'
src.c:(.text+0x7b): undefined reference to `pthread_atfork'
collect2: error: ld returned 1 exit status
CMakeFiles/cmTC_0f305.dir/build.make:103: recipe for target 'cmTC_0f305' failed
make[1]: *** [cmTC_0f305] Error 1
make[1]: Leaving directory '/home/jameslu/Desktop/RealTime_System/lab2/Sec4-4/cmake/build/CMakeFiles/CMakeTmp'
Makefile:138: recipe for target 'cmTC_0f305/fast' failed
make: *** [cmTC_0f305/fast] Error 2


Source file was:
#include <pthread.h>

void* test_func(void* data)
{
  return data;
}

int main(void)
{
  pthread_t thread;
  pthread_create(&thread, NULL, test_func, NULL);
  pthread_detach(thread);
  pthread_cancel(thread);
  pthread_join(thread, NULL);
  pthread_atfork(NULL, NULL, NULL);
  pthread_exit(NULL);

  return 0;
}

Determining if the function pthread_create exists in the pthreads failed with the following output:
Change Dir: /home/jameslu/Desktop/RealTime_System/lab2/Sec4-4/cmake/build/CMakeFiles/CMakeTmp

Run Build Command(s):/usr/bin/make cmTC_35039/fast && /usr/bin/make -f CMakeFiles/cmTC_35039.dir/build.make CMakeFiles/cmTC_35039.dir/build
make[1]: Entering directory '/home/jameslu/Desktop/RealTime_System/lab2/Sec4-4/cmake/build/CMakeFiles/CMakeTmp'
Building C object CMakeFiles/cmTC_35039.dir/CheckFunctionExists.c.o
/usr/bin/cc   -DCHECK_FUNCTION_EXISTS=pthread_create   -o CMakeFiles/cmTC_35039.dir/CheckFunctionExists.c.o   -c /home/jameslu/share/cmake-3.17/Modules/CheckFunctionExists.c
Linking C executable cmTC_35039
/home/jameslu/bin/cmake -E cmake_link_script CMakeFiles/cmTC_35039.dir/link.txt --verbose=1
/usr/bin/cc  -DCHECK_FUNCTION_EXISTS=pthread_create    CMakeFiles/cmTC_35039.dir/CheckFunctionExists.c.o  -o cmTC_35039  -lpthreads 
/usr/bin/ld: cannot find -lpthreads
collect2: error: ld returned 1 exit status
CMakeFiles/cmTC_35039.dir/build.make:103: recipe for target 'cmTC_35039' failed
make[1]: *** [cmTC_35039] Error 1
make[1]: Leaving directory '/home/jameslu/Desktop/RealTime_System/lab2/Sec4-4/cmake/build/CMakeFiles/CMakeTmp'
Makefile:138: recipe for target 'cmTC_35039/fast' failed
make: *** [cmTC_35039/fast] Error 2



