1754
1922
2114
2400
2402
2386
2386
2386
2398
2380
2390
2393
2385
2379
2386
2403
2386
2413
2386
2405
2389
2451
2391
2392
2384
2381
2397
2410
2375
2386
2385
2386
2378
2378
2385
2384
2386
2389
2383
2389
2390
2446
2398
2396
2386
2393
2397
2406
2377
2389
2397
2386
2386
2384
2384
2386
2386
2384
2395
2386
2385
2445
2393
2387
2394
2382
2383
2402
2392
2389
2387
2381
2382
2390
2383
2391
2385
2394
2390
2386
2382
2387
2378
2387
2385
2386
2386
2383
2384
2375
2386
2385
2388
2403
2407
2386
2382
2386
2395
2386
2381
2381
2386
2389
2379
2383
2393
2384
2390
2386
2381
2384
2386
2388
2398
2391
2389
2403
2379
2381
2457
2382
2391
2381
2386
2382
2385
2386
2375
2385
2392
2391
2392
2388
2390
2385
2387
2386
2386
2385
2446
2387
2386
2379
2386
2395
2399
2383
2381
2391
2381
2393
2381
2397
2378
2393
2383
2394
2452
2392
2465
2386
2381
2384
2392
2386
2420
2396
2391
2378
2398
2395
2395
2381
2381
2397
2386
2381
2385
2393
2418
2389
2383
2397
2391
2384
2394
2380
2386
2394
2385
2394
2378
2391
2403
2387
2378
2380
2390
2381
2383
2396
2380
2380
2382
2384
2390
2386
2384
2384
2386
2390
2399
2394
2381
2386
2391
2395
2378
2382
2383
2386
2379
2383
2389
2382
2386
2383
2392
2386
2386
2384
2388
2386
2386
2385
2406
2386
2393
2451
2391
2387
2389
2380
2386
2412
2391
2384
2386
2386
2388
2396
2381
2386
2393
2385
2386
2392
2395
2449
2386
2388
2396
2398
2378
2410
2383
2378
2386
2392
2385
2406
2047
1866
1917
1783
1956
1890
1709
1731
1684
1695
1683
1681
1679
1691
1676
1678
1676
1683
1684
1692
1688
1690
1684
1683
1685
1688
1684
1684
1685
1688
1679
1684
1680
1679
1679
1776
1680
1679
1684
1689
1691
1679
1678
1684
1685
1684
1679
1680
1679
1678
1685
1688
1684
1679
1685
1690
1677
1684
1683
1689
1677
1684
1680
1690
1684
1684
1692
1676
1679
1685
1697
1680
1683
1686
1683
1681
1680
1684
1687
1684
1684
1680
1680
1684
1718
1721
1717
1679
1684
1683
1685
1681
1709
1687
1681
1680
1690
1687
1684
1684
1684
1684
1686
1687
1683
1679
1723
1688
1725
1684
1676
1687
1682
1682
1681
1680
1687
1681
1680
1685
6349
6352
6390
5808
4257
3484
2725
2289
1974
1979
1981
1978
1968
1973
1977
1974
1975
1971
1978
1975
1971
1973
1968
1967
1976
1974
1970
1969
1979
1983
1968
1975
1981
1982
1970
1976
1982
1975
1968
1975
1969
1975
1969
1979
1971
1970
1975
1975
1973
1968
1965
1981
1979
1978
1974
1986
1978
1968
1979
1971
1963
1974
1973
1975
1969
1971
1975
1982
1972
1972
1983
1970
1971
1978
1992
1981
1996
1980
1976
1967
1993
1948
1654
1502
1504
1557
1574
1500
1565
1591
1716
1507
1507
1642
1630
1639
1631
1642
1634
1631
1636
1635
1628
1636
1686
1639
1628
1636
1636
1636
1628
1633
1632
1633
1636
1637
1639
1636
1636
1681
1638
1636
1636
1635
1667
1629
1631
1635
1631
1636
1636
1634
1636
1631
1637
1637
1639
1632
1642
1643
1636
1636
1649
1631
1636
1632
1643
1631
1631
1779
1787
1785
1787
1799
1794
1787
1706
1590
1587
1609
1633
1644
1635
1632
1640
1640
1639
1636
1640
1639
1632
1632
1638
1633
1596
1507
1518
1504
1503
1541
1641
1636
1633
1640
1636
1636
1635
1645
1636
1640
1633
1635
1631
1631
1633
1643
1632
1636
1637
1636
1719
1636
1636
1636
1639
1628
1648
1641
1636
1631
1650
1633
1631
1637
1637
1633
1636
1636
1637
1635
1628
1640
1642
1679
1636
1643
1631
1631
1637
1635
1636
1776
1791
1789
1790
1786
1788
1787
1786
1781
1788
1796
1791
1832
1786
1790
1784
1797
1791
1790
1788
1795
1797
1786
1784
1787
1796
1789
1790
1793
1784
1785
1793
1794
1784
1789
1794
1788
1794
1789
1796
1792
1785
1789
1796
1796
1793
1789
1804
1784
1787
1989
1795
1781
1786
1791
1788
1784
1787
1797
1793
1791
1785
1786
1784
1792
1793
1786
1785
1790
1788
1792
1784
1785
1796
1790
1781
1789
1788
1795
1784
1793
1788
1784
1789
1789
1812
1787
1791
1794
1796
1840
1786
1796
1794
1784
1789
1794
1784
1789
1781
1786
1789
1789
1791
1794
1784
1790
1792
1787
1790
1816
1836
1797
1787
1787
1798
1784
1786
1789
1787
1789
1790
1789
1793
1781
1784
1792
1792
1789
1789
1788
1844
1782
1793
1799
1789
1791
1791
1788
1792
1786
1789
1794
1789
1789
1788
1788
1790
1790
1787
1792
1815
1789
1791
1787
1791
1791
1792
1781
1790
1789
1788
1793
1786
1795
1798
1787
1788
1787
1789
1790
1869
1793
1784
1789
1790
1799
1793
1781
1787
1788
1792
1818
1785
1784
1786
1789
1788
1790
1819
1788
1793
1789
1793
1794
1791
1784
1789
1787
1796
1781
1784
1791
1786
1789
1788
1802
1781
1790
1821
1791
1784
1781
1794
1809
1789
1789
1784
1786
1781
1793
1796
1789
1790
1793
1788
1783
1793
1788
1784
1840
1833
1793
1796
1790
1788
1793
1786
1782
1789
1795
1781
1781
1789
1788
1789
1789
1803
1791
1786
1843
1785
1786
1789
1788
1787
1789
1790
1791
1796
1784
1789
1790
1785
1793
1785
1788
1796
1784
1787
1803
1784
1793
1787
1801
1787
1784
1796
1785
1789
1790
1785
1789
1786
1789
1787
1784
1785
1826
1788
1790
1781
1797
1789
1784
1784
1791
1788
1781
1785
1785
1784
1787
1784
1804
1790
1793
1795
1831
1792
1792
1790
1790
1786
1783
1788
1793
1785
1784
1798
1784
1789
1793
1796
1789
1841
1820
1788
1792
1840
1787
1790
1784
1793
1799
1784
1793
1789
1788
1785
1785
1789
1784
1792
1791
1789
1795
1781
1781
1842
1801
1789
1784
1790
1786
1793
1788
1782
1790
1789
1790
1790
1784
1795
1793
1790
1784
1784
1788
1799
1781
1781
1785
1790
1784
1796
1793
1786
1784
1784
1788
1784
1785
1793
1791
1789
1786
1827
1784
1788
1796
1794
1785
1793
1793
1791
1790
1786
1791
1797
1789
1789
1785
1795
1793
1786
1793
1799
1789
1788
1790
1793
1790
1796
1790
1789
1790
1790
1794
1786
1784
1797
1781
1790
1793
1787
1789
1790
1789
1787
1789
1786
1796
1788
1790
1786
1790
1796
1789
1790
1794
1792
1784
1796
1791
1784
1789
1796
1865
1781
1786
1789
1789
1784
1786
1789
1784
1789
1790
1782
1789
1781
1793
1792
1793
1784
1794
1792
1825
1786
1790
1799
1787
1789
1804
1793
1789
1791
1793
1790
1790
1786
1784
1784
1783
1787
1839
1788
2177
1696
1590
1585
1587
1587
1587
1591
1587
1588
1589
1591
1616
1595
1588
1590
1708
1735
1732
1735
1730
1731
1728
1734
1742
1735
1735
1733
1737
1735
1730
1735
1748
1507
1507
1627
1583
1595
1744
1584
1587
1587
1590
1590
1650
1590
1592
1595
1590
1586
1597
1598
1587
1591
1594
1585
1587
1591
1636
1680
1628
1641
1639
1631
1691
1641
1645
1639
1632
1632
1636
1628
1628
1641
1639
1631
1640
1681
1628
1686
1637
1635
1636
1636
1643
1622
1631
1635
1643
1636
1631
1641
1643
1636
1636
1637
1641
1663
1632
1633
1638
1639
1636
1755
1672
1632
1719
1680
1636
1631
1634
1790
1789
1784
1782
1795
1792
1789
6551
6337
6352
4484
3466
2764
2340
2293
2298
2290
2288
2291
2285
2290
2292
2288
2298
2283
2296
2297
2271
2279
2299
2305
2291
2281
2286
2299
2291
2295
2300
2286
2290
2297
2295
2302
2288
2294
2286
2355
2283
2291
2295
2293
2289
2299
2291
2294
2287
2293
2293
2286
2292
2300
2295
2295
2289
2285
2290
2354
2285
2290
2285
2291
2297
2298
2283
2295
2297
2296
2295
2291
2287
2284
2290
2289
2289
2356
2283
2362
2297
2294
2280
2308
2292
2291
2286
2300
2294
2280
2291
2307
2291
2291
2298
2298
2284
2328
2288
2316
2290
2291
2291
2300
2285
2290
2288
2300
2290
2297
2298
2271
2326
2302
2295
2285
2290
2331
2302
2290
2294
2291
2303
2283
2285
2296
2296
2295
2290
2297
2271
2285
2295
2286
2283
2280
2305
2295
2291
2281
2302
2298
2285
2298
2287
2302
2285
2292
2291
2283
2290
2290
2295
2296
2294
2296
2289
2285
2353
2302
2296
2294
2296
2289
2302
2291
2295
2293
2283
2291
2297
2294
2291
2279
2299
2290
2291
2295
2359
2291
2290
2293
2299
2275
2291
2287
2289
2291
2285
2299
2285
2283
2283
2299
2289
2290
2338
2308
2365
2286
2288
2287
2276
2283
2291
2296
2295
2291
2289
2299
2294
2286
2286
2296
2288
2297
2337
2298
2295
2288
2290
2293
2283
2290
2290
2283
2290
2286
2295
2283
2288
2284
2297
2291
2298
2309
2303
2292
2297
2284
2295
2291
2291
2293
2286
2291
2297
2296
2286
2294
2300
2299
2290
2289
2285
2291
2283
2291
2286
2282
2291
2299
2288
2290
2290
2287
2287
2280
2288
2291
2288
2283
2296
2308
2291
2290
2296
2298
2280
2290
2298
2298
2288
2291
2299
2294
2280
2293
2287
2298
2283
2295
2288
2272
2291
2353
2289
2341
2295
2291
2290
2280
2294
2285
2288
2286
2296
2299
2301
2290
2346
2296
2370
2288
2328
2348
2280
2352
2304
2296
2288
2295
2298
2293
2286
2294
2295
2297
2290
2288
2298
2295
2283
2294
2288
2318
2290
2368
2287
2294
2289
2287
2294
2286
2295
2300
2291
2290
2288
2289
2290
2288
2296
2291
2295
2402
2300
2290
2285
2368
2678
3170
0
0
0
0
0
0
0
0
0
0
0
0
0
0
0
0
0
0
0
0
0
0
0
0
0
0
0
0
0
0
0
0
0
0
0
0
0
0
0
0
0
0
0
0
0
0
0
0
0
0
0
0
0
0
0
0
0
0
0
0
0
0
0
0
0
0
0
0
0
0
0
0
0
0
0
0
0
0
0
0
0
0
0
0
0
0
0
0
0
0
0
0
0
0
0
0
0
0
0
0
0
0
0
0
0
0
0
0
0
0
0
0
0
0
0
0
0
0
0
0
0
0
0
0
0
0
0
0
0
0
0
0
0
0
0
0
0
0
0
0
0
0
0
0
0
0
0
0
0
0
0
0
0
0
0
0
0
0
0
0
0
0
0
0
0
0
0
0
0
0
0
0
0
0
0
0
0
0
0
0
0
0
0
0
0
0
0
0
0
0
0
0
0
0
0
0
0
0
0
0
0
0
0
0
0
0
0
0
0
0
0
0
0
0
0
0
0
0
0
0
0
0
0
0
0
0
0
0
0
0
0
0
0
0
0
0
0
0
0
0
0
0
0
0
0
0
0
0
0
0
0
0
0
0
0
0
0
0
0
0
0
0
0
0
0
0
0
0
0
0
0
0
0
0
0
0
0
0
0
0
0
0
0
0
0
0
0
0
0
0
0
0
0
0
0
0
0
0
0
0
0
0
0
0
0
0
0
0
0
0
0
0
0
0
0
0
0
0
0
0
0
0
0
0
0
0
0
0
0
0
0
0
0
0
0
0
0
0
0
0
0
0
0
0
0
0
0
0
0
0
0
0
0
0
0
0
0
0
0
0
0
0
0
0
0
0
0
0
0
0
0
0
0
0
0
0
0
0
0
0
0
0
0
0
0
0
0
0
0
0
0
0
0
0
0
0
0
0
0
0
0
0
0
0
0
0
0
0
0
